Jan 28, 2013 10:01:21 PM org.apache.catalina.core.AprLifecycleListener init
INFO: The APR based Apache Tomcat Native library which allows optimal performance in production environments was not found on the java.library.path: /usr/lib/jvm/java-6-openjdk-amd64/jre/lib/amd64/server:/usr/lib/jvm/java-6-openjdk-amd64/jre/lib/amd64:/usr/lib/jvm/java-6-openjdk-amd64/jre/../lib/amd64:/usr/java/packages/lib/amd64:/usr/lib/x86_64-linux-gnu/jni:/lib/x86_64-linux-gnu:/usr/lib/x86_64-linux-gnu:/usr/lib/jni:/lib:/usr/lib
Jan 28, 2013 10:01:21 PM org.apache.coyote.AbstractProtocol init
INFO: Initializing ProtocolHandler ["http-bio-8080"]
Jan 28, 2013 10:01:21 PM org.apache.coyote.AbstractProtocol init
SEVERE: Failed to initialize end point associated with ProtocolHandler ["http-bio-8080"]
java.net.BindException: Address already in use <null>:8080
	at org.apache.tomcat.util.net.JIoEndpoint.bind(JIoEndpoint.java:406)
	at org.apache.tomcat.util.net.AbstractEndpoint.init(AbstractEndpoint.java:610)
	at org.apache.coyote.AbstractProtocol.init(AbstractProtocol.java:429)
	at org.apache.coyote.http11.AbstractHttp11JsseProtocol.init(AbstractHttp11JsseProtocol.java:119)
	at org.apache.catalina.connector.Connector.initInternal(Connector.java:981)
	at org.apache.catalina.util.LifecycleBase.init(LifecycleBase.java:102)
	at org.apache.catalina.core.StandardService.initInternal(StandardService.java:559)
	at org.apache.catalina.util.LifecycleBase.init(LifecycleBase.java:102)
	at org.apache.catalina.core.StandardServer.initInternal(StandardServer.java:814)
	at org.apache.catalina.util.LifecycleBase.init(LifecycleBase.java:102)
	at org.apache.catalina.startup.Catalina.load(Catalina.java:633)
	at org.apache.catalina.startup.Catalina.load(Catalina.java:658)
	at sun.reflect.NativeMethodAccessorImpl.invoke0(Native Method)
	at sun.reflect.NativeMethodAccessorImpl.invoke(NativeMethodAccessorImpl.java:57)
	at sun.reflect.DelegatingMethodAccessorImpl.invoke(DelegatingMethodAccessorImpl.java:43)
	at java.lang.reflect.Method.invoke(Method.java:616)
	at org.apache.catalina.startup.Bootstrap.load(Bootstrap.java:281)
	at org.apache.catalina.startup.Bootstrap.main(Bootstrap.java:455)
Caused by: java.net.BindException: Address already in use
	at java.net.PlainSocketImpl.socketBind(Native Method)
	at java.net.AbstractPlainSocketImpl.bind(AbstractPlainSocketImpl.java:353)
	at java.net.ServerSocket.bind(ServerSocket.java:336)
	at java.net.ServerSocket.<init>(ServerSocket.java:202)
	at java.net.ServerSocket.<init>(ServerSocket.java:158)
	at org.apache.tomcat.util.net.DefaultServerSocketFactory.createSocket(DefaultServerSocketFactory.java:49)
	at org.apache.tomcat.util.net.JIoEndpoint.bind(JIoEndpoint.java:393)
	... 17 more
Jan 28, 2013 10:01:21 PM org.apache.catalina.core.StandardService initInternal
SEVERE: Failed to initialize connector [Connector[HTTP/1.1-8080]]
org.apache.catalina.LifecycleException: Failed to initialize component [Connector[HTTP/1.1-8080]]
	at org.apache.catalina.util.LifecycleBase.init(LifecycleBase.java:106)
	at org.apache.catalina.core.StandardService.initInternal(StandardService.java:559)
	at org.apache.catalina.util.LifecycleBase.init(LifecycleBase.java:102)
	at org.apache.catalina.core.StandardServer.initInternal(StandardServer.java:814)
	at org.apache.catalina.util.LifecycleBase.init(LifecycleBase.java:102)
	at org.apache.catalina.startup.Catalina.load(Catalina.java:633)
	at org.apache.catalina.startup.Catalina.load(Catalina.java:658)
	at sun.reflect.NativeMethodAccessorImpl.invoke0(Native Method)
	at sun.reflect.NativeMethodAccessorImpl.invoke(NativeMethodAccessorImpl.java:57)
	at sun.reflect.DelegatingMethodAccessorImpl.invoke(DelegatingMethodAccessorImpl.java:43)
	at java.lang.reflect.Method.invoke(Method.java:616)
	at org.apache.catalina.startup.Bootstrap.load(Bootstrap.java:281)
	at org.apache.catalina.startup.Bootstrap.main(Bootstrap.java:455)
Caused by: org.apache.catalina.LifecycleException: Protocol handler initialization failed
	at org.apache.catalina.connector.Connector.initInternal(Connector.java:983)
	at org.apache.catalina.util.LifecycleBase.init(LifecycleBase.java:102)
	... 12 more
Caused by: java.net.BindException: Address already in use <null>:8080
	at org.apache.tomcat.util.net.JIoEndpoint.bind(JIoEndpoint.java:406)
	at org.apache.tomcat.util.net.AbstractEndpoint.init(AbstractEndpoint.java:610)
	at org.apache.coyote.AbstractProtocol.init(AbstractProtocol.java:429)
	at org.apache.coyote.http11.AbstractHttp11JsseProtocol.init(AbstractHttp11JsseProtocol.java:119)
	at org.apache.catalina.connector.Connector.initInternal(Connector.java:981)
	... 13 more
Caused by: java.net.BindException: Address already in use
	at java.net.PlainSocketImpl.socketBind(Native Method)
	at java.net.AbstractPlainSocketImpl.bind(AbstractPlainSocketImpl.java:353)
	at java.net.ServerSocket.bind(ServerSocket.java:336)
	at java.net.ServerSocket.<init>(ServerSocket.java:202)
	at java.net.ServerSocket.<init>(ServerSocket.java:158)
	at org.apache.tomcat.util.net.DefaultServerSocketFactory.createSocket(DefaultServerSocketFactory.java:49)
	at org.apache.tomcat.util.net.JIoEndpoint.bind(JIoEndpoint.java:393)
	... 17 more
Jan 28, 2013 10:01:21 PM org.apache.coyote.AbstractProtocol init
INFO: Initializing ProtocolHandler ["ajp-bio-8009"]
Jan 28, 2013 10:01:21 PM org.apache.catalina.startup.Catalina load
INFO: Initialization processed in 989 ms
Jan 28, 2013 10:01:21 PM org.apache.catalina.core.StandardService startInternal
INFO: Starting service Catalina
Jan 28, 2013 10:01:21 PM org.apache.catalina.core.StandardEngine startInternal
INFO: Starting Servlet Engine: Apache Tomcat/7.0.35
Jan 28, 2013 10:01:21 PM org.apache.catalina.startup.HostConfig deployDirectory
INFO: Deploying web application directory /opt/apache-tomcat-7.0.35/webapps/manager
Jan 28, 2013 10:01:22 PM org.apache.catalina.startup.HostConfig deployDirectory
INFO: Deploying web application directory /opt/apache-tomcat-7.0.35/webapps/host-manager
Jan 28, 2013 10:01:22 PM org.apache.catalina.startup.HostConfig deployDirectory
INFO: Deploying web application directory /opt/apache-tomcat-7.0.35/webapps/docs
Jan 28, 2013 10:01:22 PM org.apache.catalina.startup.HostConfig deployDirectory
INFO: Deploying web application directory /opt/apache-tomcat-7.0.35/webapps/examples
Jan 28, 2013 10:01:22 PM org.apache.catalina.startup.HostConfig deployDirectory
INFO: Deploying web application directory /opt/apache-tomcat-7.0.35/webapps/ROOT
Jan 28, 2013 10:01:23 PM org.apache.coyote.AbstractProtocol start
INFO: Starting ProtocolHandler ["ajp-bio-8009"]
Jan 28, 2013 10:01:23 PM org.apache.catalina.startup.Catalina start
INFO: Server startup in 1127 ms
Jan 28, 2013 10:01:23 PM org.apache.catalina.core.StandardServer await
SEVERE: StandardServer.await: create[localhost:8005]: 
java.net.BindException: Address already in use
	at java.net.PlainSocketImpl.socketBind(Native Method)
	at java.net.AbstractPlainSocketImpl.bind(AbstractPlainSocketImpl.java:353)
	at java.net.ServerSocket.bind(ServerSocket.java:336)
	at java.net.ServerSocket.<init>(ServerSocket.java:202)
	at org.apache.catalina.core.StandardServer.await(StandardServer.java:427)
	at org.apache.catalina.startup.Catalina.await(Catalina.java:766)
	at org.apache.catalina.startup.Catalina.start(Catalina.java:712)
	at sun.reflect.NativeMethodAccessorImpl.invoke0(Native Method)
	at sun.reflect.NativeMethodAccessorImpl.invoke(NativeMethodAccessorImpl.java:57)
	at sun.reflect.DelegatingMethodAccessorImpl.invoke(DelegatingMethodAccessorImpl.java:43)
	at java.lang.reflect.Method.invoke(Method.java:616)
	at org.apache.catalina.startup.Bootstrap.start(Bootstrap.java:322)
	at org.apache.catalina.startup.Bootstrap.main(Bootstrap.java:456)
Jan 28, 2013 10:01:23 PM org.apache.coyote.AbstractProtocol pause
INFO: Pausing ProtocolHandler ["http-bio-8080"]
Jan 28, 2013 10:01:23 PM org.apache.coyote.AbstractProtocol pause
INFO: Pausing ProtocolHandler ["ajp-bio-8009"]
Jan 28, 2013 10:01:23 PM org.apache.catalina.core.StandardService stopInternal
INFO: Stopping service Catalina
Jan 28, 2013 10:01:23 PM org.apache.coyote.AbstractProtocol stop
INFO: Stopping ProtocolHandler ["ajp-bio-8009"]
Jan 28, 2013 10:01:23 PM org.apache.coyote.AbstractProtocol stop
INFO: Stopping ProtocolHandler ["http-bio-8080"]
Jan 28, 2013 10:01:23 PM org.apache.coyote.AbstractProtocol destroy
INFO: Destroying ProtocolHandler ["http-bio-8080"]
Jan 28, 2013 10:01:23 PM org.apache.coyote.AbstractProtocol destroy
INFO: Destroying ProtocolHandler ["ajp-bio-8009"]
Jan 28, 2013 10:04:23 PM org.apache.catalina.core.AprLifecycleListener init
INFO: The APR based Apache Tomcat Native library which allows optimal performance in production environments was not found on the java.library.path: /usr/lib/jvm/java-6-openjdk-amd64/jre/lib/amd64/server:/usr/lib/jvm/java-6-openjdk-amd64/jre/lib/amd64:/usr/lib/jvm/java-6-openjdk-amd64/jre/../lib/amd64:/usr/java/packages/lib/amd64:/usr/lib/x86_64-linux-gnu/jni:/lib/x86_64-linux-gnu:/usr/lib/x86_64-linux-gnu:/usr/lib/jni:/lib:/usr/lib
Jan 28, 2013 10:04:23 PM org.apache.coyote.AbstractProtocol init
INFO: Initializing ProtocolHandler ["http-bio-8080"]
Jan 28, 2013 10:04:23 PM org.apache.coyote.AbstractProtocol init
SEVERE: Failed to initialize end point associated with ProtocolHandler ["http-bio-8080"]
java.net.BindException: Address already in use <null>:8080
	at org.apache.tomcat.util.net.JIoEndpoint.bind(JIoEndpoint.java:406)
	at org.apache.tomcat.util.net.AbstractEndpoint.init(AbstractEndpoint.java:610)
	at org.apache.coyote.AbstractProtocol.init(AbstractProtocol.java:429)
	at org.apache.coyote.http11.AbstractHttp11JsseProtocol.init(AbstractHttp11JsseProtocol.java:119)
	at org.apache.catalina.connector.Connector.initInternal(Connector.java:981)
	at org.apache.catalina.util.LifecycleBase.init(LifecycleBase.java:102)
	at org.apache.catalina.core.StandardService.initInternal(StandardService.java:559)
	at org.apache.catalina.util.LifecycleBase.init(LifecycleBase.java:102)
	at org.apache.catalina.core.StandardServer.initInternal(StandardServer.java:814)
	at org.apache.catalina.util.LifecycleBase.init(LifecycleBase.java:102)
	at org.apache.catalina.startup.Catalina.load(Catalina.java:633)
	at org.apache.catalina.startup.Catalina.load(Catalina.java:658)
	at sun.reflect.NativeMethodAccessorImpl.invoke0(Native Method)
	at sun.reflect.NativeMethodAccessorImpl.invoke(NativeMethodAccessorImpl.java:57)
	at sun.reflect.DelegatingMethodAccessorImpl.invoke(DelegatingMethodAccessorImpl.java:43)
	at java.lang.reflect.Method.invoke(Method.java:616)
	at org.apache.catalina.startup.Bootstrap.load(Bootstrap.java:281)
	at org.apache.catalina.startup.Bootstrap.main(Bootstrap.java:455)
Caused by: java.net.BindException: Address already in use
	at java.net.PlainSocketImpl.socketBind(Native Method)
	at java.net.AbstractPlainSocketImpl.bind(AbstractPlainSocketImpl.java:353)
	at java.net.ServerSocket.bind(ServerSocket.java:336)
	at java.net.ServerSocket.<init>(ServerSocket.java:202)
	at java.net.ServerSocket.<init>(ServerSocket.java:158)
	at org.apache.tomcat.util.net.DefaultServerSocketFactory.createSocket(DefaultServerSocketFactory.java:49)
	at org.apache.tomcat.util.net.JIoEndpoint.bind(JIoEndpoint.java:393)
	... 17 more
Jan 28, 2013 10:04:23 PM org.apache.catalina.core.StandardService initInternal
SEVERE: Failed to initialize connector [Connector[HTTP/1.1-8080]]
org.apache.catalina.LifecycleException: Failed to initialize component [Connector[HTTP/1.1-8080]]
	at org.apache.catalina.util.LifecycleBase.init(LifecycleBase.java:106)
	at org.apache.catalina.core.StandardService.initInternal(StandardService.java:559)
	at org.apache.catalina.util.LifecycleBase.init(LifecycleBase.java:102)
	at org.apache.catalina.core.StandardServer.initInternal(StandardServer.java:814)
	at org.apache.catalina.util.LifecycleBase.init(LifecycleBase.java:102)
	at org.apache.catalina.startup.Catalina.load(Catalina.java:633)
	at org.apache.catalina.startup.Catalina.load(Catalina.java:658)
	at sun.reflect.NativeMethodAccessorImpl.invoke0(Native Method)
	at sun.reflect.NativeMethodAccessorImpl.invoke(NativeMethodAccessorImpl.java:57)
	at sun.reflect.DelegatingMethodAccessorImpl.invoke(DelegatingMethodAccessorImpl.java:43)
	at java.lang.reflect.Method.invoke(Method.java:616)
	at org.apache.catalina.startup.Bootstrap.load(Bootstrap.java:281)
	at org.apache.catalina.startup.Bootstrap.main(Bootstrap.java:455)
Caused by: org.apache.catalina.LifecycleException: Protocol handler initialization failed
	at org.apache.catalina.connector.Connector.initInternal(Connector.java:983)
	at org.apache.catalina.util.LifecycleBase.init(LifecycleBase.java:102)
	... 12 more
Caused by: java.net.BindException: Address already in use <null>:8080
	at org.apache.tomcat.util.net.JIoEndpoint.bind(JIoEndpoint.java:406)
	at org.apache.tomcat.util.net.AbstractEndpoint.init(AbstractEndpoint.java:610)
	at org.apache.coyote.AbstractProtocol.init(AbstractProtocol.java:429)
	at org.apache.coyote.http11.AbstractHttp11JsseProtocol.init(AbstractHttp11JsseProtocol.java:119)
	at org.apache.catalina.connector.Connector.initInternal(Connector.java:981)
	... 13 more
Caused by: java.net.BindException: Address already in use
	at java.net.PlainSocketImpl.socketBind(Native Method)
	at java.net.AbstractPlainSocketImpl.bind(AbstractPlainSocketImpl.java:353)
	at java.net.ServerSocket.bind(ServerSocket.java:336)
	at java.net.ServerSocket.<init>(ServerSocket.java:202)
	at java.net.ServerSocket.<init>(ServerSocket.java:158)
	at org.apache.tomcat.util.net.DefaultServerSocketFactory.createSocket(DefaultServerSocketFactory.java:49)
	at org.apache.tomcat.util.net.JIoEndpoint.bind(JIoEndpoint.java:393)
	... 17 more
Jan 28, 2013 10:04:23 PM org.apache.coyote.AbstractProtocol init
INFO: Initializing ProtocolHandler ["ajp-bio-8009"]
Jan 28, 2013 10:04:23 PM org.apache.catalina.startup.Catalina load
INFO: Initialization processed in 926 ms
Jan 28, 2013 10:04:23 PM org.apache.catalina.core.StandardService startInternal
INFO: Starting service Catalina
Jan 28, 2013 10:04:23 PM org.apache.catalina.core.StandardEngine startInternal
INFO: Starting Servlet Engine: Apache Tomcat/7.0.35
Jan 28, 2013 10:04:23 PM org.apache.catalina.startup.HostConfig deployDirectory
INFO: Deploying web application directory /opt/apache-tomcat-7.0.35/webapps/manager
Jan 28, 2013 10:04:24 PM org.apache.catalina.startup.HostConfig deployDirectory
INFO: Deploying web application directory /opt/apache-tomcat-7.0.35/webapps/host-manager
Jan 28, 2013 10:04:24 PM org.apache.catalina.startup.HostConfig deployDirectory
INFO: Deploying web application directory /opt/apache-tomcat-7.0.35/webapps/docs
Jan 28, 2013 10:04:24 PM org.apache.catalina.startup.HostConfig deployDirectory
INFO: Deploying web application directory /opt/apache-tomcat-7.0.35/webapps/examples
Jan 28, 2013 10:04:24 PM org.apache.catalina.startup.HostConfig deployDirectory
INFO: Deploying web application directory /opt/apache-tomcat-7.0.35/webapps/ROOT
Jan 28, 2013 10:04:24 PM org.apache.coyote.AbstractProtocol start
INFO: Starting ProtocolHandler ["ajp-bio-8009"]
Jan 28, 2013 10:04:24 PM org.apache.catalina.startup.Catalina start
INFO: Server startup in 1041 ms
Jan 28, 2013 10:04:24 PM org.apache.catalina.core.StandardServer await
SEVERE: StandardServer.await: create[localhost:8005]: 
java.net.BindException: Address already in use
	at java.net.PlainSocketImpl.socketBind(Native Method)
	at java.net.AbstractPlainSocketImpl.bind(AbstractPlainSocketImpl.java:353)
	at java.net.ServerSocket.bind(ServerSocket.java:336)
	at java.net.ServerSocket.<init>(ServerSocket.java:202)
	at org.apache.catalina.core.StandardServer.await(StandardServer.java:427)
	at org.apache.catalina.startup.Catalina.await(Catalina.java:766)
	at org.apache.catalina.startup.Catalina.start(Catalina.java:712)
	at sun.reflect.NativeMethodAccessorImpl.invoke0(Native Method)
	at sun.reflect.NativeMethodAccessorImpl.invoke(NativeMethodAccessorImpl.java:57)
	at sun.reflect.DelegatingMethodAccessorImpl.invoke(DelegatingMethodAccessorImpl.java:43)
	at java.lang.reflect.Method.invoke(Method.java:616)
	at org.apache.catalina.startup.Bootstrap.start(Bootstrap.java:322)
	at org.apache.catalina.startup.Bootstrap.main(Bootstrap.java:456)
Jan 28, 2013 10:04:24 PM org.apache.coyote.AbstractProtocol pause
INFO: Pausing ProtocolHandler ["http-bio-8080"]
Jan 28, 2013 10:04:24 PM org.apache.coyote.AbstractProtocol pause
INFO: Pausing ProtocolHandler ["ajp-bio-8009"]
Jan 28, 2013 10:04:24 PM org.apache.catalina.core.StandardService stopInternal
INFO: Stopping service Catalina
Jan 28, 2013 10:04:25 PM org.apache.coyote.AbstractProtocol stop
INFO: Stopping ProtocolHandler ["ajp-bio-8009"]
Jan 28, 2013 10:04:25 PM org.apache.coyote.AbstractProtocol stop
INFO: Stopping ProtocolHandler ["http-bio-8080"]
Jan 28, 2013 10:04:25 PM org.apache.coyote.AbstractProtocol destroy
INFO: Destroying ProtocolHandler ["http-bio-8080"]
Jan 28, 2013 10:04:25 PM org.apache.coyote.AbstractProtocol destroy
INFO: Destroying ProtocolHandler ["ajp-bio-8009"]
Jan 28, 2013 10:10:11 PM org.apache.catalina.core.AprLifecycleListener init
INFO: The APR based Apache Tomcat Native library which allows optimal performance in production environments was not found on the java.library.path: /usr/lib/jvm/java-6-openjdk-amd64/jre/lib/amd64/server:/usr/lib/jvm/java-6-openjdk-amd64/jre/lib/amd64:/usr/lib/jvm/java-6-openjdk-amd64/jre/../lib/amd64:/usr/java/packages/lib/amd64:/usr/lib/x86_64-linux-gnu/jni:/lib/x86_64-linux-gnu:/usr/lib/x86_64-linux-gnu:/usr/lib/jni:/lib:/usr/lib
Jan 28, 2013 10:10:12 PM org.apache.coyote.AbstractProtocol init
INFO: Initializing ProtocolHandler ["http-bio-8080"]
Jan 28, 2013 10:10:12 PM org.apache.coyote.AbstractProtocol init
INFO: Initializing ProtocolHandler ["ajp-bio-8009"]
Jan 28, 2013 10:10:12 PM org.apache.catalina.startup.Catalina load
INFO: Initialization processed in 948 ms
Jan 28, 2013 10:10:12 PM org.apache.catalina.core.StandardService startInternal
INFO: Starting service Catalina
Jan 28, 2013 10:10:12 PM org.apache.catalina.core.StandardEngine startInternal
INFO: Starting Servlet Engine: Apache Tomcat/7.0.35
Jan 28, 2013 10:10:12 PM org.apache.catalina.startup.HostConfig deployDirectory
INFO: Deploying web application directory /opt/apache-tomcat-7.0.35/webapps/manager
Jan 28, 2013 10:10:12 PM org.apache.catalina.startup.HostConfig deployDirectory
INFO: Deploying web application directory /opt/apache-tomcat-7.0.35/webapps/host-manager
Jan 28, 2013 10:10:13 PM org.apache.catalina.startup.HostConfig deployDirectory
INFO: Deploying web application directory /opt/apache-tomcat-7.0.35/webapps/docs
Jan 28, 2013 10:10:13 PM org.apache.catalina.startup.HostConfig deployDirectory
INFO: Deploying web application directory /opt/apache-tomcat-7.0.35/webapps/examples
Jan 28, 2013 10:10:13 PM org.apache.catalina.startup.HostConfig deployDirectory
INFO: Deploying web application directory /opt/apache-tomcat-7.0.35/webapps/ROOT
Jan 28, 2013 10:10:13 PM org.apache.coyote.AbstractProtocol start
INFO: Starting ProtocolHandler ["http-bio-8080"]
Jan 28, 2013 10:10:13 PM org.apache.coyote.AbstractProtocol start
INFO: Starting ProtocolHandler ["ajp-bio-8009"]
Jan 28, 2013 10:10:13 PM org.apache.catalina.startup.Catalina start
INFO: Server startup in 1082 ms
Jan 28, 2013 10:13:23 PM org.apache.catalina.startup.HostConfig deployDirectory
INFO: Deploying web application directory /opt/apache-tomcat-7.0.35/webapps/coffee
Jan 28, 2013 10:15:43 PM org.apache.catalina.startup.HostConfig checkResources
INFO: Reloading context [/coffee]
Jan 28, 2013 10:15:43 PM org.apache.catalina.core.StandardContext reload
INFO: Reloading Context with name [/coffee] has started
Jan 28, 2013 10:15:44 PM org.apache.tomcat.util.digester.Digester fatalError
SEVERE: Parse Fatal Error at line 1 column 1: Premature end of file.
org.xml.sax.SAXParseException; systemId: jndi:/localhost/coffee/WEB-INF/web.xml; lineNumber: 1; columnNumber: 1; Premature end of file.
	at com.sun.org.apache.xerces.internal.util.ErrorHandlerWrapper.createSAXParseException(ErrorHandlerWrapper.java:198)
	at com.sun.org.apache.xerces.internal.util.ErrorHandlerWrapper.fatalError(ErrorHandlerWrapper.java:177)
	at com.sun.org.apache.xerces.internal.impl.XMLErrorReporter.reportError(XMLErrorReporter.java:391)
	at com.sun.org.apache.xerces.internal.impl.XMLScanner.reportFatalError(XMLScanner.java:1404)
	at com.sun.org.apache.xerces.internal.impl.XMLDocumentScannerImpl$PrologDriver.next(XMLDocumentScannerImpl.java:1034)
	at com.sun.org.apache.xerces.internal.impl.XMLDocumentScannerImpl.next(XMLDocumentScannerImpl.java:625)
	at com.sun.org.apache.xerces.internal.impl.XMLDocumentFragmentScannerImpl.scanDocument(XMLDocumentFragmentScannerImpl.java:488)
	at com.sun.org.apache.xerces.internal.parsers.XML11Configuration.parse(XML11Configuration.java:819)
	at com.sun.org.apache.xerces.internal.parsers.XML11Configuration.parse(XML11Configuration.java:748)
	at com.sun.org.apache.xerces.internal.parsers.XMLParser.parse(XMLParser.java:123)
	at com.sun.org.apache.xerces.internal.parsers.AbstractSAXParser.parse(AbstractSAXParser.java:1208)
	at com.sun.org.apache.xerces.internal.jaxp.SAXParserImpl$JAXPSAXParser.parse(SAXParserImpl.java:525)
	at org.apache.tomcat.util.digester.Digester.parse(Digester.java:1537)
	at org.apache.catalina.startup.ContextConfig.parseWebXml(ContextConfig.java:1879)
	at org.apache.catalina.startup.ContextConfig.webConfig(ContextConfig.java:1259)
	at org.apache.catalina.startup.ContextConfig.configureStart(ContextConfig.java:878)
	at org.apache.catalina.startup.ContextConfig.lifecycleEvent(ContextConfig.java:369)
	at org.apache.catalina.util.LifecycleSupport.fireLifecycleEvent(LifecycleSupport.java:119)
	at org.apache.catalina.util.LifecycleBase.fireLifecycleEvent(LifecycleBase.java:90)
	at org.apache.catalina.core.StandardContext.startInternal(StandardContext.java:5179)
	at org.apache.catalina.util.LifecycleBase.start(LifecycleBase.java:150)
	at org.apache.catalina.core.StandardContext.reload(StandardContext.java:3926)
	at org.apache.catalina.startup.HostConfig.checkResources(HostConfig.java:1271)
	at org.apache.catalina.startup.HostConfig.check(HostConfig.java:1440)
	at org.apache.catalina.startup.HostConfig.lifecycleEvent(HostConfig.java:301)
	at org.apache.catalina.util.LifecycleSupport.fireLifecycleEvent(LifecycleSupport.java:119)
	at org.apache.catalina.util.LifecycleBase.fireLifecycleEvent(LifecycleBase.java:90)
	at org.apache.catalina.core.ContainerBase.backgroundProcess(ContainerBase.java:1374)
	at org.apache.catalina.core.ContainerBase$ContainerBackgroundProcessor.processChildren(ContainerBase.java:1530)
	at org.apache.catalina.core.ContainerBase$ContainerBackgroundProcessor.processChildren(ContainerBase.java:1540)
	at org.apache.catalina.core.ContainerBase$ContainerBackgroundProcessor.run(ContainerBase.java:1519)
	at java.lang.Thread.run(Thread.java:679)
Jan 28, 2013 10:15:44 PM org.apache.catalina.startup.ContextConfig parseWebXml
SEVERE: Parse error in application web.xml file at jndi:/localhost/coffee/WEB-INF/web.xml
org.xml.sax.SAXParseException; systemId: jndi:/localhost/coffee/WEB-INF/web.xml; lineNumber: 1; columnNumber: 1; Premature end of file.
	at com.sun.org.apache.xerces.internal.util.ErrorHandlerWrapper.createSAXParseException(ErrorHandlerWrapper.java:198)
	at com.sun.org.apache.xerces.internal.util.ErrorHandlerWrapper.fatalError(ErrorHandlerWrapper.java:177)
	at com.sun.org.apache.xerces.internal.impl.XMLErrorReporter.reportError(XMLErrorReporter.java:391)
	at com.sun.org.apache.xerces.internal.impl.XMLScanner.reportFatalError(XMLScanner.java:1404)
	at com.sun.org.apache.xerces.internal.impl.XMLDocumentScannerImpl$PrologDriver.next(XMLDocumentScannerImpl.java:1034)
	at com.sun.org.apache.xerces.internal.impl.XMLDocumentScannerImpl.next(XMLDocumentScannerImpl.java:625)
	at com.sun.org.apache.xerces.internal.impl.XMLDocumentFragmentScannerImpl.scanDocument(XMLDocumentFragmentScannerImpl.java:488)
	at com.sun.org.apache.xerces.internal.parsers.XML11Configuration.parse(XML11Configuration.java:819)
	at com.sun.org.apache.xerces.internal.parsers.XML11Configuration.parse(XML11Configuration.java:748)
	at com.sun.org.apache.xerces.internal.parsers.XMLParser.parse(XMLParser.java:123)
	at com.sun.org.apache.xerces.internal.parsers.AbstractSAXParser.parse(AbstractSAXParser.java:1208)
	at com.sun.org.apache.xerces.internal.jaxp.SAXParserImpl$JAXPSAXParser.parse(SAXParserImpl.java:525)
	at org.apache.tomcat.util.digester.Digester.parse(Digester.java:1537)
	at org.apache.catalina.startup.ContextConfig.parseWebXml(ContextConfig.java:1879)
	at org.apache.catalina.startup.ContextConfig.webConfig(ContextConfig.java:1259)
	at org.apache.catalina.startup.ContextConfig.configureStart(ContextConfig.java:878)
	at org.apache.catalina.startup.ContextConfig.lifecycleEvent(ContextConfig.java:369)
	at org.apache.catalina.util.LifecycleSupport.fireLifecycleEvent(LifecycleSupport.java:119)
	at org.apache.catalina.util.LifecycleBase.fireLifecycleEvent(LifecycleBase.java:90)
	at org.apache.catalina.core.StandardContext.startInternal(StandardContext.java:5179)
	at org.apache.catalina.util.LifecycleBase.start(LifecycleBase.java:150)
	at org.apache.catalina.core.StandardContext.reload(StandardContext.java:3926)
	at org.apache.catalina.startup.HostConfig.checkResources(HostConfig.java:1271)
	at org.apache.catalina.startup.HostConfig.check(HostConfig.java:1440)
	at org.apache.catalina.startup.HostConfig.lifecycleEvent(HostConfig.java:301)
	at org.apache.catalina.util.LifecycleSupport.fireLifecycleEvent(LifecycleSupport.java:119)
	at org.apache.catalina.util.LifecycleBase.fireLifecycleEvent(LifecycleBase.java:90)
	at org.apache.catalina.core.ContainerBase.backgroundProcess(ContainerBase.java:1374)
	at org.apache.catalina.core.ContainerBase$ContainerBackgroundProcessor.processChildren(ContainerBase.java:1530)
	at org.apache.catalina.core.ContainerBase$ContainerBackgroundProcessor.processChildren(ContainerBase.java:1540)
	at org.apache.catalina.core.ContainerBase$ContainerBackgroundProcessor.run(ContainerBase.java:1519)
	at java.lang.Thread.run(Thread.java:679)
Jan 28, 2013 10:15:44 PM org.apache.catalina.startup.ContextConfig parseWebXml
SEVERE: Occurred at line 1 column 1
Jan 28, 2013 10:15:44 PM org.apache.catalina.startup.ContextConfig configureStart
SEVERE: Marking this application unavailable due to previous error(s)
Jan 28, 2013 10:15:44 PM org.apache.catalina.core.StandardContext startInternal
SEVERE: Error getConfigured
Jan 28, 2013 10:15:44 PM org.apache.catalina.core.StandardContext startInternal
SEVERE: Context [/coffee] startup failed due to previous errors
Jan 28, 2013 10:15:44 PM org.apache.catalina.core.StandardContext reload
INFO: Reloading Context with name [/coffee] is completed
Jan 28, 2013 10:18:24 PM org.apache.catalina.startup.HostConfig checkResources
INFO: Reloading context [/coffee]
Jan 28, 2013 10:18:54 PM org.apache.catalina.startup.HostConfig checkResources
INFO: Reloading context [/coffee]
Jan 28, 2013 10:18:54 PM org.apache.catalina.core.StandardContext reload
INFO: Reloading Context with name [/coffee] has started
Jan 28, 2013 10:18:55 PM org.apache.catalina.core.StandardContext reload
INFO: Reloading Context with name [/coffee] is completed
Jan 28, 2013 11:08:45 PM org.apache.catalina.startup.HostConfig checkResources
INFO: Reloading context [/coffee]
Jan 28, 2013 11:08:45 PM org.apache.catalina.core.StandardContext reload
INFO: Reloading Context with name [/coffee] has started
Jan 28, 2013 11:08:46 PM org.apache.catalina.core.StandardContext reload
INFO: Reloading Context with name [/coffee] is completed
Jan 28, 2013 11:17:36 PM org.apache.catalina.startup.HostConfig checkResources
INFO: Reloading context [/coffee]
Jan 28, 2013 11:17:36 PM org.apache.catalina.core.StandardContext reload
INFO: Reloading Context with name [/coffee] has started
Jan 28, 2013 11:17:36 PM org.apache.catalina.core.StandardContext reload
INFO: Reloading Context with name [/coffee] is completed
